<?xml version="1.0" encoding="UTF-8"?>
<testsuite xmlns:xsi="http://www.w3.org/2001/XMLSchema-instance" xsi:noNamespaceSchemaLocation="https://maven.apache.org/surefire/maven-surefire-plugin/xsd/surefire-test-report.xsd" name="fr.wildcodeschool.unittesting.StringUtilsTest" time="0.058" tests="5" errors="0" skipped="0" failures="0">
  <properties>
[...]
</properties>
  <testcase name="withOutVowels" classname="fr.wildcodeschool.unittesting.StringUtilsTest" time="0.001"/>
  <testcase name="emptyZone" classname="fr.wildcodeschool.unittesting.StringUtilsTest" time="0.004"/>
  <testcase name="testVowels2" classname="fr.wildcodeschool.unittesting.StringUtilsTest" time="0"/>
  <testcase name="notDouble" classname="fr.wildcodeschool.unittesting.StringUtilsTest" time="0"/>
  <testcase name="spaceAndString" classname="fr.wildcodeschool.unittesting.StringUtilsTest" time="0"/>
</testsuite>